๏ปฟ
> business-website-next@0.1.0 build
> next build

ฮ“รปโ–“ Next.js 16.1.6 (Turbopack)

  Creating an optimized production build ...
ฮ“ยฃรด Compiled successfully in 6.3s
  Running TypeScript ...
  Collecting page data using 11 workers ...
  Generating static pages using 11 workers (0/17) ...
  Generating static pages using 11 workers (4/17) 
  Generating static pages using 11 workers (8/17) 
  Generating static pages using 11 workers (12/17) 
ฮ“ยฃรด Generating static pages using 11 workers (17/17) in 616.2ms
  Finalizing page optimization ...

Route (app)
ฮ“รถรฎ ฮ“รนรฏ /
ฮ“รถยฃ ฮ“รนรฏ /_not-found
ฮ“รถยฃ ฮ“รนรฏ /about
ฮ“รถยฃ ฮ“รนรฏ /blog
ฮ“รถยฃ ฮ“รนรฏ /blog/maximizing-adr
ฮ“รถยฃ ฮ“รนรฏ /blog/why-ai-is-the-future
ฮ“รถยฃ ฮ“รนรฏ /career
ฮ“รถยฃ ฮ“รนรฏ /contact
ฮ“รถยฃ ฮ“รนรฏ /faq
ฮ“รถยฃ ฮ“รนรฏ /pricing
ฮ“รถยฃ ฮ“รนรฏ /privacy
ฮ“รถยฃ ฮ“รนรฏ /services/web-design
ฮ“รถยฃ ฮ“รนรฏ /solutions
ฮ“รถยฃ ฮ“รนรฏ /support
ฮ“รถรถ ฮ“รนรฏ /terms


ฮ“รนรฏ  (Static)  prerendered as static content

